Internal Server Error: /api/test-error/
"GET /api/test-error/ HTTP/1.1" 500 84
Internal Server Error: /api/test-error/
"GET /api/test-error/ HTTP/1.1" 500 84
Internal Server Error: /api/my-tasks/
"GET /api/my-tasks/ HTTP/1.1" 500 84
Internal Server Error: /api/test-error/
"GET /api/test-error/ HTTP/1.1" 500 138
Internal Server Error: /api/tasks/
"POST /api/tasks/ HTTP/1.1" 500 495
Internal Server Error: /api/tasks/
"POST /api/tasks/ HTTP/1.1" 500 495
Internal Server Error: /api/tasks/
"POST /api/tasks/ HTTP/1.1" 500 495
Internal Server Error: /api/tasks/
"GET /api/tasks/ HTTP/1.1" 500 495
Internal Server Error: /api/tasks/
"GET /api/tasks/ HTTP/1.1" 500 143
Internal Server Error: /api/my-tasks/7/status/
"PUT /api/my-tasks/7/status/ HTTP/1.1" 500 495
Internal Server Error: /api/tasks/
"POST /api/tasks/ HTTP/1.1" 500 495
Internal Server Error: /api/login/
"POST /api/login/ HTTP/1.1" 500 94
